[2025-01-04 16:14:59 : INFO] - Cache for URL: https://redcraftmedia.net/digestivewellness/ has been purged, triggered by action: save_post 
[2025-01-04 16:14:59 : INFO] - Cache for URL: https://redcraftmedia.net/digestivewellness/ has been purged, triggered by action: save_post 
[2025-01-04 16:24:38 : INFO] - Full Cache Purge triggered by: plugin activation/deactivation 
[2025-01-04 16:28:01 : INFO] - Full Cache Purge triggered by: plugin activation/deactivation 
[2025-01-04 16:57:01 : INFO] - Full Cache Purge triggered by: plugin activation/deactivation 
[2025-01-04 16:57:06 : INFO] - Full Cache Purge triggered by: plugin activation/deactivation 
[2025-01-04 16:57:14 : INFO] - Full Cache Purge triggered by: plugin activation/deactivation 
[2025-01-04 16:57:26 : INFO] - Full Cache Purge triggered by: plugin activation/deactivation 
[2025-01-04 16:57:35 : INFO] - Full Cache Purge triggered by: plugin activation/deactivation 
[2025-01-04 17:00:48 : INFO] - Cache for URL: https://redcraftmedia.net/digestivewellness/ has been purged, triggered by action: save_post 
[2025-01-04 17:00:48 : INFO] - Cache for URL: https://redcraftmedia.net/digestivewellness/ has been purged, triggered by action: save_post 
[2025-01-04 17:01:14 : INFO] - Cache for URL: https://redcraftmedia.net/digestivewellness/ has been purged, triggered by action: save_post 
[2025-01-04 17:01:14 : INFO] - Cache for URL: https://redcraftmedia.net/digestivewellness/ has been purged, triggered by action: save_post 
[2025-01-06 09:11:16 : INFO] - Full Cache Purge triggered by: plugin activation/deactivation 
[2025-01-06 09:11:16 : INFO] - Full Cache Purge triggered by: plugin activation/deactivation 
[2025-01-06 09:11:16 : INFO] - Full Cache Purge triggered by: plugin activation/deactivation 
[2025-01-06 09:11:16 : INFO] - Full Cache Purge triggered by: plugin activation/deactivation 
[2025-01-06 09:11:16 : INFO] - Full Cache Purge triggered by: plugin activation/deactivation 
[2025-01-06 09:11:16 : INFO] - Full Cache Purge triggered by: plugin activation/deactivation 
[2025-01-06 09:11:16 : INFO] - Full Cache Purge triggered by: plugin activation/deactivation 
[2025-01-06 09:11:17 : INFO] - Full Cache Purge triggered by: plugin activation/deactivation 
[2025-01-06 09:11:17 : INFO] - Full Cache Purge triggered by: plugin activation/deactivation 
[2025-01-06 09:11:17 : INFO] - Full Cache Purge triggered by: plugin activation/deactivation 
[2025-01-06 09:11:17 : INFO] - Full Cache Purge triggered by: plugin activation/deactivation 
[2025-01-06 09:11:17 : INFO] - Full Cache Purge triggered by: plugin activation/deactivation 
[2025-01-06 09:11:17 : INFO] - Full Cache Purge triggered by: plugin activation/deactivation 
[2025-01-06 09:11:17 : INFO] - Full Cache Purge triggered by: plugin activation/deactivation 
[2025-01-06 09:11:17 : INFO] - Full Cache Purge triggered by: plugin activation/deactivation 
[2025-01-06 09:11:17 : INFO] - Full Cache Purge triggered by: WPO_Page_Cache::disable 
[2025-01-06 09:11:17 : INFO] - Full Cache Purge triggered by: WP_Optimize_Minify_Cache_Functions::purge_others 
[2025-01-06 09:11:17 : INFO] - Full Cache Purge triggered by: plugin activation/deactivation 
[2025-01-06 09:11:17 : INFO] - Full Cache Purge triggered by: plugin activation/deactivation 
[2025-01-06 09:21:15 : INFO] - Full Cache Purge triggered by: plugin activation/deactivation 
[2025-01-06 09:22:04 : INFO] - Full Cache Purge triggered by: plugin activation/deactivation 
[2025-01-06 09:22:18 : INFO] - Full Cache Purge triggered by: plugin activation/deactivation 
[2025-01-06 09:31:40 : INFO] - Cache for URL: https://redcraftmedia.net/digestivewellness/?page_id=1453 has been purged, triggered by action: save_post 
[2025-01-06 09:31:51 : INFO] - Cache for URL: https://redcraftmedia.net/digestivewellness/?page_id=1453 has been purged, triggered by action: save_post 
[2025-01-06 09:33:41 : INFO] - Cache for URL: https://redcraftmedia.net/digestivewellness/ has been purged, triggered by action: save_post 
[2025-01-06 09:34:17 : INFO] - Cache for URL: https://redcraftmedia.net/digestivewellness/ has been purged, triggered by action: save_post 
[2025-01-06 09:35:10 : INFO] - Cache for URL: https://redcraftmedia.net/digestivewellness/ has been purged, triggered by action: save_post 
[2025-01-06 09:35:10 : INFO] - Cache for URL: https://redcraftmedia.net/digestivewellness/ has been purged, triggered by action: save_post 
[2025-01-06 09:36:05 : INFO] - Cache for URL: https://redcraftmedia.net/digestivewellness/ has been purged, triggered by action: save_post 
[2025-01-06 09:36:05 : INFO] - Cache for URL: https://redcraftmedia.net/digestivewellness/ has been purged, triggered by action: save_post 
[2025-01-06 09:37:56 : INFO] - Cache for URL: https://redcraftmedia.net/digestivewellness/ has been purged, triggered by action: save_post 
[2025-01-06 09:37:56 : INFO] - Cache for URL: https://redcraftmedia.net/digestivewellness/ has been purged, triggered by action: save_post 
[2025-01-06 09:38:19 : INFO] - Cache for URL: https://redcraftmedia.net/digestivewellness/ has been purged, triggered by action: save_post 
[2025-01-06 09:38:19 : INFO] - Cache for URL: https://redcraftmedia.net/digestivewellness/ has been purged, triggered by action: save_post 
[2025-01-06 10:38:04 : INFO] - Full Cache Purge triggered by: plugin activation/deactivation 
[2025-01-06 10:38:04 : INFO] - Full Cache Purge triggered by: plugin activation/deactivation 
[2025-01-06 10:38:04 : INFO] - Full Cache Purge triggered by: plugin activation/deactivation 
[2025-01-06 10:38:04 : INFO] - Full Cache Purge triggered by: plugin activation/deactivation 
[2025-01-06 10:38:04 : INFO] - Full Cache Purge triggered by: plugin activation/deactivation 
[2025-01-06 10:38:04 : INFO] - Full Cache Purge triggered by: plugin activation/deactivation 
[2025-01-06 10:38:04 : INFO] - Full Cache Purge triggered by: plugin activation/deactivation 
[2025-01-06 10:38:04 : INFO] - Full Cache Purge triggered by: plugin activation/deactivation 
[2025-01-06 10:38:04 : INFO] - Full Cache Purge triggered by: plugin activation/deactivation 
[2025-01-06 10:38:04 : INFO] - Full Cache Purge triggered by: plugin activation/deactivation 
[2025-01-06 10:38:04 : INFO] - Full Cache Purge triggered by: plugin activation/deactivation 
[2025-01-06 10:38:04 : INFO] - Full Cache Purge triggered by: plugin activation/deactivation 
[2025-01-06 10:38:04 : INFO] - Full Cache Purge triggered by: WPO_Page_Cache::disable 
[2025-01-06 10:38:04 : INFO] - Full Cache Purge triggered by: WP_Optimize_Minify_Cache_Functions::purge_others 
[2025-01-06 10:38:04 : INFO] - Full Cache Purge triggered by: plugin activation/deactivation 
[2025-01-06 10:38:04 : INFO] - Full Cache Purge triggered by: plugin activation/deactivation 
[2025-01-06 10:55:51 : INFO] - Full Cache Purge triggered by: plugin activation/deactivation 
[2025-01-06 10:55:51 : INFO] - Full Cache Purge triggered by: plugin activation/deactivation 
[2025-01-06 13:31:32 : INFO] - Cache for multiple term taxonomy have been purged due to post terms update, triggered by action: set_object_terms 
[2025-01-06 13:36:59 : INFO] - Cache for URL: https://redcraftmedia.net/digestivewellness/ has been purged, triggered by action: save_post 
[2025-01-06 13:36:59 : INFO] - Cache for URL: https://redcraftmedia.net/digestivewellness/ has been purged, triggered by action: save_post 
[2025-01-06 13:37:49 : INFO] - Cache for URL: https://redcraftmedia.net/digestivewellness/ has been purged, triggered by action: save_post 
[2025-01-06 13:37:49 : INFO] - Cache for URL: https://redcraftmedia.net/digestivewellness/ has been purged, triggered by action: save_post 
[2025-01-06 13:38:27 : INFO] - Cache for URL: https://redcraftmedia.net/digestivewellness/ has been purged, triggered by action: save_post 
[2025-01-06 13:38:28 : INFO] - Cache for URL: https://redcraftmedia.net/digestivewellness/ has been purged, triggered by action: save_post 
[2025-01-06 13:39:26 : INFO] - Cache for URL: https://redcraftmedia.net/digestivewellness/slide-anything-popup-preview/ has been purged, triggered by action: save_post 
[2025-01-06 13:39:50 : INFO] - Cache for URL: https://redcraftmedia.net/digestivewellness/slide-anything-popup-preview/ has been purged, triggered by action: save_post 
[2025-01-06 13:40:24 : INFO] - Cache for URL: https://redcraftmedia.net/digestivewellness/slide-anything-popup-preview/ has been purged, triggered by action: save_post 
[2025-01-06 13:40:50 : INFO] - Cache for URL: https://redcraftmedia.net/digestivewellness/ has been purged, triggered by action: save_post 
[2025-01-06 13:40:50 : INFO] - Cache for URL: https://redcraftmedia.net/digestivewellness/ has been purged, triggered by action: save_post 
[2025-01-06 13:41:13 : INFO] - Cache for URL: https://redcraftmedia.net/digestivewellness/ has been purged, triggered by action: save_post 
[2025-01-06 13:41:13 : INFO] - Cache for URL: https://redcraftmedia.net/digestivewellness/ has been purged, triggered by action: save_post 
[2025-01-06 13:45:45 : INFO] - Full Cache Purge triggered by: plugin activation/deactivation 
[2025-01-06 13:45:51 : INFO] - Full Cache Purge triggered by: plugin activation/deactivation 
[2025-01-06 13:49:31 : INFO] - Cache for URL: https://redcraftmedia.net/digestivewellness/slide-anything-popup-preview/ has been purged, triggered by action: save_post 
[2025-01-06 13:49:51 : INFO] - Cache for URL: https://redcraftmedia.net/digestivewellness/slide-anything-popup-preview/ has been purged, triggered by action: save_post 
[2025-01-06 13:53:52 : INFO] - Cache for URL: https://redcraftmedia.net/digestivewellness/slide-anything-popup-preview/ has been purged, triggered by action: save_post 
[2025-01-06 13:54:34 : INFO] - Cache for URL: https://redcraftmedia.net/digestivewellness/slide-anything-popup-preview/ has been purged, triggered by action: save_post 
[2025-01-06 13:55:54 : INFO] - Cache for URL: https://redcraftmedia.net/digestivewellness/slide-anything-popup-preview/ has been purged, triggered by action: save_post 
[2025-01-06 13:57:46 : INFO] - Cache for URL: https://redcraftmedia.net/digestivewellness/slide-anything-popup-preview/ has been purged, triggered by action: save_post 
[2025-01-06 13:59:19 : INFO] - Cache for URL: https://redcraftmedia.net/digestivewellness/ has been purged, triggered by action: save_post 
[2025-01-06 13:59:20 : INFO] - Cache for URL: https://redcraftmedia.net/digestivewellness/ has been purged, triggered by action: save_post 
[2025-01-06 13:59:34 : INFO] - Cache for URL: https://redcraftmedia.net/digestivewellness/ has been purged, triggered by action: save_post 
[2025-01-06 13:59:34 : INFO] - Cache for URL: https://redcraftmedia.net/digestivewellness/ has been purged, triggered by action: save_post 
[2025-01-06 14:00:12 : INFO] - Cache for URL: https://redcraftmedia.net/digestivewellness/ has been purged, triggered by action: save_post 
[2025-01-06 14:00:13 : INFO] - Cache for URL: https://redcraftmedia.net/digestivewellness/ has been purged, triggered by action: save_post 
[2025-01-06 14:07:50 : INFO] - Cache for URL: https://redcraftmedia.net/digestivewellness/ has been purged, triggered by action: save_post 
[2025-01-06 14:07:50 : INFO] - Cache for URL: https://redcraftmedia.net/digestivewellness/ has been purged, triggered by action: save_post 
[2025-01-06 14:09:24 : INFO] - Cache for URL: https://redcraftmedia.net/digestivewellness/slide-anything-popup-preview/ has been purged, triggered by action: save_post 
[2025-01-06 14:09:31 : INFO] - Cache for URL: https://redcraftmedia.net/digestivewellness/slide-anything-popup-preview/ has been purged, triggered by action: save_post 
[2025-01-06 14:10:35 : INFO] - Cache for URL: https://redcraftmedia.net/digestivewellness/slide-anything-popup-preview/ has been purged, triggered by action: save_post 
[2025-01-06 14:10:57 : INFO] - Cache for URL: https://redcraftmedia.net/digestivewellness/ has been purged, triggered by action: save_post 
[2025-01-06 14:10:57 : INFO] - Cache for URL: https://redcraftmedia.net/digestivewellness/ has been purged, triggered by action: save_post 
[2025-01-06 14:11:21 : INFO] - Cache for URL: https://redcraftmedia.net/digestivewellness/ has been purged, triggered by action: save_post 
[2025-01-06 14:11:21 : INFO] - Cache for URL: https://redcraftmedia.net/digestivewellness/ has been purged, triggered by action: save_post 
[2025-01-06 14:13:44 : INFO] - Cache for URL: https://redcraftmedia.net/digestivewellness/ has been purged, triggered by action: save_post 
[2025-01-06 14:13:44 : INFO] - Cache for URL: https://redcraftmedia.net/digestivewellness/ has been purged, triggered by action: save_post 
[2025-01-06 14:14:02 : INFO] - Cache for URL: https://redcraftmedia.net/digestivewellness/ has been purged, triggered by action: save_post 
[2025-01-06 14:14:02 : INFO] - Cache for URL: https://redcraftmedia.net/digestivewellness/ has been purged, triggered by action: save_post 
[2025-01-06 16:58:56 : INFO] - Full Cache Purge triggered by: plugin activation/deactivation 
[2025-01-06 16:58:56 : INFO] - Full Cache Purge triggered by: plugin activation/deactivation 
[2025-01-15 23:05:40 : INFO] - Cache for URL: https://redcraftmedia.net/digestivewellness/?p=1524 has been purged, triggered by action: save_post 
[2025-01-15 23:05:40 : INFO] - Cache for previous post (with URL: https://redcraftmedia.net/digestivewellness/2020/01/23/the-dark-side-of-low-fodmap/) adjacent to post with id: 1524 has been purged, triggered by action: save_post 
[2025-01-15 23:05:40 : INFO] - Cache for all archives page associated with post_type: post and Title: "Auto Draft" have been purged, triggered by action: save_post 
[2025-01-15 23:28:18 : INFO] - Full Cache Purge triggered by: plugin activation/deactivation 
